<?xml version="1.0" encoding="UTF-8"?>
<!-- Generated by org.testng.reporters.JUnitReportReporter -->
<testsuite hostname="RAHULGREESHMA" failures="0" tests="1" name="testpackg.Fblogintest" time="0.235" errors="0" timestamp="2024-03-11T18:20:46 GST" skipped="0">
  <testcase classname="testpackg.Fblogintest" name="test" time="0.235"/>
  <system-out/>
</testsuite> <!-- testpackg.Fblogintest -->
