<?xml version="1.0" encoding="UTF-8"?>
<!-- Generated by org.testng.reporters.JUnitReportReporter -->
<testsuite hostname="RAHULGREESHMA" failures="0" tests="1" name="testng.Dragdrop" time="1.340" errors="0" timestamp="2024-02-23T08:35:36 GST" skipped="0">
  <testcase classname="testng.Dragdrop" name="copypastemethod" time="1.340"/>
  <system-out/>
</testsuite> <!-- testng.Dragdrop -->
