<?xml version="1.0" encoding="UTF-8"?>
<!-- Generated by org.testng.reporters.JUnitReportReporter -->
<testsuite hostname="RAHULGREESHMA" failures="0" tests="1" name="testng.Copypaste" time="0.663" errors="0" timestamp="2024-02-21T08:21:07 GST" skipped="0">
  <testcase classname="testng.Copypaste" name="copypastemethod" time="0.663"/>
  <system-out/>
</testsuite> <!-- testng.Copypaste -->
