<?xml version="1.0" encoding="UTF-8"?>
<!-- Generated by org.testng.reporters.JUnitReportReporter -->
<testsuite hostname="RAHULGREESHMA" failures="0" tests="1" name="testng.Fleupoadrobot" time="10.389" errors="0" timestamp="2024-02-23T08:33:49 GST" skipped="0">
  <testcase classname="testng.Fleupoadrobot" name="fuploadmethd" time="10.389"/>
  <system-out/>
</testsuite> <!-- testng.Fleupoadrobot -->
