<?xml version="1.0" encoding="UTF-8"?>
<!-- Generated by org.testng.reporters.JUnitReportReporter -->
<testsuite hostname="RAHULGREESHMA" failures="0" tests="1" name="testng.Windowhandler" time="4.394" errors="0" timestamp="2024-03-06T12:57:44 GST" skipped="0">
  <testcase classname="testng.Windowhandler" name="test" time="4.394"/>
  <system-out/>
</testsuite> <!-- testng.Windowhandler -->
