<?xml version="1.0" encoding="UTF-8"?>
<!-- Generated by org.testng.reporters.JUnitReportReporter -->
<testsuite hostname="RAHULGREESHMA" failures="0" tests="1" name="testpackg.Fbcraeteaccounttest" time="3.269" errors="0" timestamp="2024-03-11T18:51:10 GST" skipped="0">
  <testcase classname="testpackg.Fbcraeteaccounttest" name="test" time="3.269"/>
  <system-out/>
</testsuite> <!-- testpackg.Fbcraeteaccounttest -->
