<?xml version="1.0" encoding="UTF-8"?>
<!-- Generated by org.testng.reporters.JUnitReportReporter -->
<testsuite hostname="RAHULGREESHMA" failures="0" tests="1" name="testng.Datepicker" time="5.655" errors="0" timestamp="2024-03-08T14:13:18 GST" skipped="0">
  <testcase classname="testng.Datepicker" name="test" time="5.655"/>
  <system-out/>
</testsuite> <!-- testng.Datepicker -->
