<?xml version="1.0" encoding="UTF-8"?>
<!-- Generated by org.testng.reporters.JUnitReportReporter -->
<testsuite hostname="RAHULGREESHMA" failures="0" tests="1" name="testng.Automationexcesise" time="11.896" errors="0" timestamp="2024-03-08T12:57:52 GST" skipped="0">
  <testcase classname="testng.Automationexcesise" name="test" time="11.896"/>
  <system-out/>
</testsuite> <!-- testng.Automationexcesise -->
