<?xml version="1.0" encoding="UTF-8"?>
<!-- Generated by org.testng.reporters.JUnitReportReporter -->
<testsuite hostname="RAHULGREESHMA" failures="0" tests="5" name="testng.Testngdemo" time="0.009" errors="0" timestamp="2024-02-16T08:03:55 GST" skipped="1">
  <testcase classname="testng.Testngdemo" name="test2" time="0.004"/>
  <system-out/>
  <testcase classname="testng.Testngdemo" name="test1" time="0.002"/>
  <system-out/>
  <testcase classname="testng.Testngdemo" name="test1" time="0.002"/>
  <system-out/>
  <testcase classname="testng.Testngdemo" name="test1" time="0.001"/>
  <system-out/>
  <testcase classname="testng.Testngdemo" name="test3">
    <skipped/>
  </testcase> <!-- test3 -->
  <system-out/>
</testsuite> <!-- testng.Testngdemo -->
