<?xml version="1.0" encoding="UTF-8"?>
<!-- Generated by org.testng.reporters.JUnitReportReporter -->
<testsuite hostname="RAHULGREESHMA" failures="0" tests="4" name="testng.Reddiftestng" time="5.999" errors="0" timestamp="2024-02-21T07:56:02 GST" skipped="0">
  <testcase classname="testng.Reddiftestng" name="logo_display" time="3.848"/>
  <system-out/>
  <testcase classname="testng.Reddiftestng" name="button_text_verify" time="0.798"/>
  <system-out/>
  <testcase classname="testng.Reddiftestng" name="title_verification" time="0.665"/>
  <system-out/>
  <testcase classname="testng.Reddiftestng" name="content_verification" time="0.688"/>
  <system-out/>
</testsuite> <!-- testng.Reddiftestng -->
